android/app/build/intermediates/manifest_merge_blame_file/debug/manifest-merger-blame-debug-report.txt
1<?xml version="1.0" encoding="utf-8"?>
2<manifest xmlns:android="http://schemas.android.com/apk/res/android"
3    package="com.boilerplate.rn"
4    android:versionCode="1"
5    android:versionName="1.0.0" >
6
7    <uses-sdk
8        android:minSdkVersion="21"
9        android:targetSdkVersion="30" />
10
11    <uses-permission android:name="android.permission.SYSTEM_ALERT_WINDOW" />
11-->src/debug/AndroidManifest.xml:5:5-77
11-->src/debug/AndroidManifest.xml:5:22-75
12    <uses-permission android:name="android.permission.INTERNET" />
12-->src/main/AndroidManifest.xml:5:5-67
12-->src/main/AndroidManifest.xml:5:22-64
13    <uses-permission android:name="android.permission.WAKE_LOCK" />
13-->src/main/AndroidManifest.xml:6:5-68
13-->src/main/AndroidManifest.xml:6:22-65
14    <uses-permission android:name="android.permission.VIBRATE" />
14-->src/main/AndroidManifest.xml:7:5-66
14-->src/main/AndroidManifest.xml:7:22-63
15    <uses-permission android:name="android.permission.RECEIVE_BOOT_COMPLETED" />
15-->src/main/AndroidManifest.xml:8:5-81
15-->src/main/AndroidManifest.xml:8:22-78
16    <uses-permission android:name="android.permission.ACCESS_NETWORK_STATE" />
16-->src/main/AndroidManifest.xml:9:5-79
16-->src/main/AndroidManifest.xml:9:22-76
17    <uses-permission android:name="android.permission.ACCESS_WIFI_STATE" /> <!-- Required by older versions of Google Play services to create IID tokens -->
17-->[com.facebook.flipper:flipper:0.99.0] AndroidManifest.xml:16:5-76
17-->[com.facebook.flipper:flipper:0.99.0] AndroidManifest.xml:16:22-73
18    <uses-permission android:name="com.google.android.c2dm.permission.RECEIVE" />
18-->[com.google.firebase:firebase-messaging:23.0.0] AndroidManifest.xml:25:5-82
18-->[com.google.firebase:firebase-messaging:23.0.0] AndroidManifest.xml:25:22-79
19    <uses-permission android:name="com.google.android.finsky.permission.BIND_GET_INSTALL_REFERRER_SERVICE" /> <!-- for android -->
19-->[com.google.android.gms:play-services-measurement:20.0.0] AndroidManifest.xml:26:5-110
19-->[com.google.android.gms:play-services-measurement:20.0.0] AndroidManifest.xml:26:22-107
20    <!-- <uses-permission android:name="com.android.launcher.permission.READ_SETTINGS"/> -->
21    <!-- <uses-permission android:name="com.android.launcher.permission.WRITE_SETTINGS"/> -->
22    <!-- <uses-permission android:name="com.android.launcher.permission.INSTALL_SHORTCUT" /> -->
23    <!-- <uses-permission android:name="com.android.launcher.permission.UNINSTALL_SHORTCUT" /> -->
24    <!-- for Samsung -->
25    <uses-permission android:name="com.sec.android.provider.badge.permission.READ" />
25-->[me.leolin:ShortcutBadger:1.1.22] AndroidManifest.xml:19:5-86
25-->[me.leolin:ShortcutBadger:1.1.22] AndroidManifest.xml:19:22-83
26    <uses-permission android:name="com.sec.android.provider.badge.permission.WRITE" /> <!-- for htc -->
26-->[me.leolin:ShortcutBadger:1.1.22] AndroidManifest.xml:20:5-87
26-->[me.leolin:ShortcutBadger:1.1.22] AndroidManifest.xml:20:22-84
27    <uses-permission android:name="com.htc.launcher.permission.READ_SETTINGS" />
27-->[me.leolin:ShortcutBadger:1.1.22] AndroidManifest.xml:23:5-81
27-->[me.leolin:ShortcutBadger:1.1.22] AndroidManifest.xml:23:22-78
28    <uses-permission android:name="com.htc.launcher.permission.UPDATE_SHORTCUT" /> <!-- for sony -->
28-->[me.leolin:ShortcutBadger:1.1.22] AndroidManifest.xml:24:5-83
28-->[me.leolin:ShortcutBadger:1.1.22] AndroidManifest.xml:24:22-80
29    <uses-permission android:name="com.sonyericsson.home.permission.BROADCAST_BADGE" />
29-->[me.leolin:ShortcutBadger:1.1.22] AndroidManifest.xml:27:5-88
29-->[me.leolin:ShortcutBadger:1.1.22] AndroidManifest.xml:27:22-85
30    <uses-permission android:name="com.sonymobile.home.permission.PROVIDER_INSERT_BADGE" /> <!-- for apex -->
30-->[me.leolin:ShortcutBadger:1.1.22] AndroidManifest.xml:28:5-92
30-->[me.leolin:ShortcutBadger:1.1.22] AndroidManifest.xml:28:22-89
31    <uses-permission android:name="com.anddoes.launcher.permission.UPDATE_COUNT" /> <!-- for solid -->
31-->[me.leolin:ShortcutBadger:1.1.22] AndroidManifest.xml:31:5-84
31-->[me.leolin:ShortcutBadger:1.1.22] AndroidManifest.xml:31:22-81
32    <uses-permission android:name="com.majeur.launcher.permission.UPDATE_BADGE" /> <!-- for huawei -->
32-->[me.leolin:ShortcutBadger:1.1.22] AndroidManifest.xml:34:5-83
32-->[me.leolin:ShortcutBadger:1.1.22] AndroidManifest.xml:34:22-80
33    <uses-permission android:name="com.huawei.android.launcher.permission.CHANGE_BADGE" />
33-->[me.leolin:ShortcutBadger:1.1.22] AndroidManifest.xml:37:5-91
33-->[me.leolin:ShortcutBadger:1.1.22] AndroidManifest.xml:37:22-88
34    <uses-permission android:name="com.huawei.android.launcher.permission.READ_SETTINGS" />
34-->[me.leolin:ShortcutBadger:1.1.22] AndroidManifest.xml:38:5-92
34-->[me.leolin:ShortcutBadger:1.1.22] AndroidManifest.xml:38:22-89
35    <uses-permission android:name="com.huawei.android.launcher.permission.WRITE_SETTINGS" /> <!-- for ZUK -->
35-->[me.leolin:ShortcutBadger:1.1.22] AndroidManifest.xml:39:5-93
35-->[me.leolin:ShortcutBadger:1.1.22] AndroidManifest.xml:39:22-90
36    <uses-permission android:name="android.permission.READ_APP_BADGE" /> <!-- for OPPO -->
36-->[me.leolin:ShortcutBadger:1.1.22] AndroidManifest.xml:42:5-73
36-->[me.leolin:ShortcutBadger:1.1.22] AndroidManifest.xml:42:22-70
37    <uses-permission android:name="com.oppo.launcher.permission.READ_SETTINGS" />
37-->[me.leolin:ShortcutBadger:1.1.22] AndroidManifest.xml:45:5-82
37-->[me.leolin:ShortcutBadger:1.1.22] AndroidManifest.xml:45:22-79
38    <uses-permission android:name="com.oppo.launcher.permission.WRITE_SETTINGS" /> <!-- for EvMe -->
38-->[me.leolin:ShortcutBadger:1.1.22] AndroidManifest.xml:46:5-83
38-->[me.leolin:ShortcutBadger:1.1.22] AndroidManifest.xml:46:22-80
39    <uses-permission android:name="me.everything.badger.permission.BADGE_COUNT_READ" />
39-->[me.leolin:ShortcutBadger:1.1.22] AndroidManifest.xml:49:5-88
39-->[me.leolin:ShortcutBadger:1.1.22] AndroidManifest.xml:49:22-85
40    <uses-permission android:name="me.everything.badger.permission.BADGE_COUNT_WRITE" />
40-->[me.leolin:ShortcutBadger:1.1.22] AndroidManifest.xml:50:5-89
40-->[me.leolin:ShortcutBadger:1.1.22] AndroidManifest.xml:50:22-86
41
42    <application
42-->src/main/AndroidManifest.xml:11:5-77:19
43        android:name="com.boilerplate.rn.MainApplication"
43-->src/main/AndroidManifest.xml:12:9-40
44        android:allowBackup="false"
44-->src/main/AndroidManifest.xml:13:9-36
45        android:appComponentFactory="androidx.core.app.CoreComponentFactory"
45-->[androidx.core:core:1.5.0] AndroidManifest.xml:24:18-86
46        android:debuggable="true"
47        android:icon="@mipmap/ic_launcher"
47-->src/main/AndroidManifest.xml:14:9-43
48        android:label="@string/app_name"
48-->src/main/AndroidManifest.xml:15:9-41
49        android:roundIcon="@mipmap/ic_launcher_round"
49-->src/main/AndroidManifest.xml:16:9-54
50        android:theme="@style/AppTheme"
50-->src/main/AndroidManifest.xml:17:9-40
51        android:usesCleartextTraffic="true" >
51-->src/main/AndroidManifest.xml:18:9-44
52        <activity android:name="com.facebook.react.devsupport.DevSettingsActivity" />
52-->src/debug/AndroidManifest.xml:11:9-86
52-->src/debug/AndroidManifest.xml:11:19-83
53        <activity
53-->src/main/AndroidManifest.xml:20:9-31:20
54            android:name="com.boilerplate.rn.MainActivity"
54-->src/main/AndroidManifest.xml:21:13-41
55            android:configChanges="keyboard|keyboardHidden|orientation|screenSize|uiMode"
55-->src/main/AndroidManifest.xml:22:13-90
56            android:label="@string/app_name"
56-->src/main/AndroidManifest.xml:23:13-45
57            android:launchMode="singleTask"
57-->src/main/AndroidManifest.xml:24:13-44
58            android:screenOrientation="portrait"
58-->src/main/AndroidManifest.xml:25:13-49
59            android:windowSoftInputMode="adjustResize" >
59-->src/main/AndroidManifest.xml:26:13-55
60            <intent-filter>
60-->src/main/AndroidManifest.xml:27:13-30:29
61                <action android:name="android.intent.action.MAIN" />
61-->src/main/AndroidManifest.xml:28:17-69
61-->src/main/AndroidManifest.xml:28:25-66
62
63                <category android:name="android.intent.category.LAUNCHER" />
63-->src/main/AndroidManifest.xml:29:17-77
63-->src/main/AndroidManifest.xml:29:27-74
64            </intent-filter>
65        </activity> <!-- META DATA -->
66        <meta-data
66-->src/main/AndroidManifest.xml:34:9-36:56
67            android:name="com.dieam.reactnativepushnotification.notification_channel_name"
67-->src/main/AndroidManifest.xml:35:13-91
68            android:value="Boilerplate Notification" />
68-->src/main/AndroidManifest.xml:36:13-53
69        <meta-data
69-->src/main/AndroidManifest.xml:38:9-40:56
70            android:name="com.dieam.reactnativepushnotification.notification_channel_description"
70-->src/main/AndroidManifest.xml:39:13-98
71            android:value="Boilerplate Notification" />
71-->src/main/AndroidManifest.xml:40:13-53
72        <meta-data
72-->src/main/AndroidManifest.xml:42:9-44:37
73            android:name="com.dieam.reactnativepushnotification.notification_foreground"
73-->src/main/AndroidManifest.xml:43:13-89
74            android:value="false" />
74-->src/main/AndroidManifest.xml:44:13-34
75        <meta-data
75-->src/main/AndroidManifest.xml:46:9-48:58
76            android:name="com.google.firebase.messaging.default_notification_icon"
76-->src/main/AndroidManifest.xml:47:13-83
77            android:resource="@mipmap/ic_notification" />
77-->src/main/AndroidManifest.xml:48:13-55
78        <meta-data
78-->src/main/AndroidManifest.xml:50:9-53:48
79            android:name="com.google.firebase.messaging.default_notification_color"
79-->src/main/AndroidManifest.xml:51:13-84
80            android:resource="@color/primary" /> <!-- RECEIVER -->
80-->src/main/AndroidManifest.xml:52:13-46
81        <receiver android:name="com.dieam.reactnativepushnotification.modules.RNPushNotificationPublisher" />
81-->src/main/AndroidManifest.xml:56:9-110
81-->src/main/AndroidManifest.xml:56:19-107
82        <receiver android:name="com.dieam.reactnativepushnotification.modules.RNPushNotificationBootEventReceiver" >
82-->src/main/AndroidManifest.xml:57:9-61:20
82-->src/main/AndroidManifest.xml:57:19-115
83            <intent-filter>
83-->src/main/AndroidManifest.xml:58:13-60:29
84                <action android:name="android.intent.action.BOOT_COMPLETED" />
84-->src/main/AndroidManifest.xml:59:17-79
84-->src/main/AndroidManifest.xml:59:25-76
85            </intent-filter>
86        </receiver> <!-- SERVICE -->
87        <service
87-->src/main/AndroidManifest.xml:64:9-70:19
88            android:name="com.dieam.reactnativepushnotification.modules.RNPushNotificationListenerService"
88-->src/main/AndroidManifest.xml:65:13-107
89            android:exported="false" >
89-->src/main/AndroidManifest.xml:66:13-37
90            <intent-filter>
90-->src/main/AndroidManifest.xml:67:13-69:29
91                <action android:name="com.google.firebase.MESSAGING_EVENT" />
91-->src/main/AndroidManifest.xml:68:17-78
91-->src/main/AndroidManifest.xml:68:25-75
92            </intent-filter>
93        </service> <!-- USES LIBRARY -->
94        <uses-library
94-->src/main/AndroidManifest.xml:73:9-75:40
95            android:name="org.apache.http.legacy"
95-->src/main/AndroidManifest.xml:74:13-50
96            android:required="false" />
96-->src/main/AndroidManifest.xml:75:13-37
97
98        <meta-data
98-->[:react-native-firebase_analytics] AndroidManifest.xml:14:9-16:36
99            android:name="firebase_analytics_collection_enabled"
99-->[:react-native-firebase_analytics] AndroidManifest.xml:15:13-65
100            android:value="true" />
100-->[:react-native-firebase_analytics] AndroidManifest.xml:16:13-33
101        <meta-data
101-->[:react-native-firebase_analytics] AndroidManifest.xml:17:9-19:37
102            android:name="firebase_analytics_collection_deactivated"
102-->[:react-native-firebase_analytics] AndroidManifest.xml:18:13-69
103            android:value="false" />
103-->[:react-native-firebase_analytics] AndroidManifest.xml:19:13-34
104        <meta-data
104-->[:react-native-firebase_analytics] AndroidManifest.xml:20:9-22:36
105            android:name="google_analytics_adid_collection_enabled"
105-->[:react-native-firebase_analytics] AndroidManifest.xml:21:13-68
106            android:value="true" />
106-->[:react-native-firebase_analytics] AndroidManifest.xml:22:13-33
107        <meta-data
107-->[:react-native-firebase_analytics] AndroidManifest.xml:23:9-25:36
108            android:name="google_analytics_ssaid_collection_enabled"
108-->[:react-native-firebase_analytics] AndroidManifest.xml:24:13-69
109            android:value="true" />
109-->[:react-native-firebase_analytics] AndroidManifest.xml:25:13-33
110        <meta-data
110-->[:react-native-firebase_analytics] AndroidManifest.xml:26:9-28:36
111            android:name="google_analytics_default_allow_ad_personalization_signals"
111-->[:react-native-firebase_analytics] AndroidManifest.xml:27:13-85
112            android:value="true" />
112-->[:react-native-firebase_analytics] AndroidManifest.xml:28:13-33
113
114        <service android:name="io.invertase.firebase.messaging.ReactNativeFirebaseMessagingHeadlessService" />
114-->[:react-native-firebase_messaging] AndroidManifest.xml:14:9-111
114-->[:react-native-firebase_messaging] AndroidManifest.xml:14:18-108
115        <service
115-->[:react-native-firebase_messaging] AndroidManifest.xml:15:9-21:19
116            android:name="io.invertase.firebase.messaging.ReactNativeFirebaseMessagingService"
116-->[:react-native-firebase_messaging] AndroidManifest.xml:16:13-95
117            android:exported="false" >
117-->[:react-native-firebase_messaging] AndroidManifest.xml:17:13-37
118            <intent-filter>
118-->src/main/AndroidManifest.xml:67:13-69:29
119                <action android:name="com.google.firebase.MESSAGING_EVENT" />
119-->src/main/AndroidManifest.xml:68:17-78
119-->src/main/AndroidManifest.xml:68:25-75
120            </intent-filter>
121        </service>
122
123        <receiver
123-->[:react-native-firebase_messaging] AndroidManifest.xml:23:9-30:20
124            android:name="io.invertase.firebase.messaging.ReactNativeFirebaseMessagingReceiver"
124-->[:react-native-firebase_messaging] AndroidManifest.xml:24:13-96
125            android:exported="true"
125-->[:react-native-firebase_messaging] AndroidManifest.xml:25:13-36
126            android:permission="com.google.android.c2dm.permission.SEND" >
126-->[:react-native-firebase_messaging] AndroidManifest.xml:26:13-73
127            <intent-filter>
127-->[:react-native-firebase_messaging] AndroidManifest.xml:27:13-29:29
128                <action android:name="com.google.android.c2dm.intent.RECEIVE" />
128-->[:react-native-firebase_messaging] AndroidManifest.xml:28:17-81
128-->[:react-native-firebase_messaging] AndroidManifest.xml:28:25-78
129            </intent-filter>
130        </receiver>
131
132        <meta-data
132-->[:react-native-firebase_messaging] AndroidManifest.xml:32:9-34:36
133            android:name="firebase_messaging_auto_init_enabled"
133-->[:react-native-firebase_messaging] AndroidManifest.xml:33:13-64
134            android:value="true" />
134-->[:react-native-firebase_messaging] AndroidManifest.xml:34:13-33
135        <meta-data
135-->[:react-native-firebase_messaging] AndroidManifest.xml:35:9-37:60
136            android:name="com.google.firebase.messaging.default_notification_channel_id"
136-->[:react-native-firebase_messaging] AndroidManifest.xml:36:13-89
137            android:value="@string/notification_channel" />
137-->[:react-native-firebase_messaging] AndroidManifest.xml:37:13-57
138        <meta-data
138-->[:react-native-firebase_app] AndroidManifest.xml:10:9-12:36
139            android:name="app_data_collection_default_enabled"
139-->[:react-native-firebase_app] AndroidManifest.xml:11:13-63
140            android:value="true" />
140-->[:react-native-firebase_app] AndroidManifest.xml:12:13-33
141
142        <service
142-->[:react-native-firebase_app] AndroidManifest.xml:14:9-18:19
143            android:name="com.google.firebase.components.ComponentDiscoveryService"
143-->[:react-native-firebase_app] AndroidManifest.xml:14:18-89
144            android:directBootAware="true"
144-->[com.google.firebase:firebase-common:20.0.0] AndroidManifest.xml:35:13-43
145            android:exported="false" >
145-->[com.google.firebase:firebase-messaging:23.0.0] AndroidManifest.xml:51:13-37
146            <meta-data
146-->[:react-native-firebase_app] AndroidManifest.xml:15:13-17:85
147                android:name="com.google.firebase.components:io.invertase.firebase.app.ReactNativeFirebaseAppRegistrar"
147-->[:react-native-firebase_app] AndroidManifest.xml:16:17-120
148                android:value="com.google.firebase.components.ComponentRegistrar" />
148-->[:react-native-firebase_app] AndroidManifest.xml:17:17-82
149            <meta-data
149-->[com.google.firebase:firebase-messaging:23.0.0] AndroidManifest.xml:52:13-54:85
150                android:name="com.google.firebase.components:com.google.firebase.messaging.FirebaseMessagingRegistrar"
150-->[com.google.firebase:firebase-messaging:23.0.0] AndroidManifest.xml:53:17-119
151                android:value="com.google.firebase.components.ComponentRegistrar" />
151-->[com.google.firebase:firebase-messaging:23.0.0] AndroidManifest.xml:54:17-82
152            <meta-data
152-->[com.google.firebase:firebase-datatransport:18.0.0] AndroidManifest.xml:28:13-30:85
153                android:name="com.google.firebase.components:com.google.firebase.datatransport.TransportRegistrar"
153-->[com.google.firebase:firebase-datatransport:18.0.0] AndroidManifest.xml:29:17-115
154                android:value="com.google.firebase.components.ComponentRegistrar" />
154-->[com.google.firebase:firebase-datatransport:18.0.0] AndroidManifest.xml:30:17-82
155            <meta-data
155-->[com.google.android.gms:play-services-measurement-api:20.0.0] AndroidManifest.xml:30:13-32:85
156                android:name="com.google.firebase.components:com.google.firebase.analytics.connector.internal.AnalyticsConnectorRegistrar"
156-->[com.google.android.gms:play-services-measurement-api:20.0.0] AndroidManifest.xml:31:17-139
157                android:value="com.google.firebase.components.ComponentRegistrar" />
157-->[com.google.android.gms:play-services-measurement-api:20.0.0] AndroidManifest.xml:32:17-82
158            <meta-data
158-->[com.google.firebase:firebase-installations:17.0.0] AndroidManifest.xml:18:13-20:85
159                android:name="com.google.firebase.components:com.google.firebase.installations.FirebaseInstallationsRegistrar"
159-->[com.google.firebase:firebase-installations:17.0.0] AndroidManifest.xml:19:17-127
160                android:value="com.google.firebase.components.ComponentRegistrar" />
160-->[com.google.firebase:firebase-installations:17.0.0] AndroidManifest.xml:20:17-82
161        </service>
162
163        <provider
163-->[:react-native-firebase_app] AndroidManifest.xml:20:9-24:38
164            android:name="io.invertase.firebase.app.ReactNativeFirebaseAppInitProvider"
164-->[:react-native-firebase_app] AndroidManifest.xml:21:13-88
165            android:authorities="com.boilerplate.rn.reactnativefirebaseappinitprovider"
165-->[:react-native-firebase_app] AndroidManifest.xml:22:13-86
166            android:exported="false"
166-->[:react-native-firebase_app] AndroidManifest.xml:23:13-37
167            android:initOrder="99" />
167-->[:react-native-firebase_app] AndroidManifest.xml:24:13-35
168
169        <receiver
169-->[com.google.firebase:firebase-messaging:23.0.0] AndroidManifest.xml:28:9-35:20
170            android:name="com.google.firebase.iid.FirebaseInstanceIdReceiver"
170-->[com.google.firebase:firebase-messaging:23.0.0] AndroidManifest.xml:29:13-78
171            android:exported="true"
171-->[com.google.firebase:firebase-messaging:23.0.0] AndroidManifest.xml:30:13-36
172            android:permission="com.google.android.c2dm.permission.SEND" >
172-->[com.google.firebase:firebase-messaging:23.0.0] AndroidManifest.xml:31:13-73
173            <intent-filter>
173-->[:react-native-firebase_messaging] AndroidManifest.xml:27:13-29:29
174                <action android:name="com.google.android.c2dm.intent.RECEIVE" />
174-->[:react-native-firebase_messaging] AndroidManifest.xml:28:17-81
174-->[:react-native-firebase_messaging] AndroidManifest.xml:28:25-78
175            </intent-filter>
176        </receiver>
177        <!--
178             FirebaseMessagingService performs security checks at runtime,
179             but set to not exported to explicitly avoid allowing another app to call it.
180        -->
181        <service
181-->[com.google.firebase:firebase-messaging:23.0.0] AndroidManifest.xml:41:9-48:19
182            android:name="com.google.firebase.messaging.FirebaseMessagingService"
182-->[com.google.firebase:firebase-messaging:23.0.0] AndroidManifest.xml:42:13-82
183            android:directBootAware="true"
183-->[com.google.firebase:firebase-messaging:23.0.0] AndroidManifest.xml:43:13-43
184            android:exported="false" >
184-->[com.google.firebase:firebase-messaging:23.0.0] AndroidManifest.xml:44:13-37
185            <intent-filter android:priority="-500" >
185-->src/main/AndroidManifest.xml:67:13-69:29
186                <action android:name="com.google.firebase.MESSAGING_EVENT" />
186-->src/main/AndroidManifest.xml:68:17-78
186-->src/main/AndroidManifest.xml:68:25-75
187            </intent-filter>
188        </service>
189        <service
189-->[com.google.android.datatransport:transport-backend-cct:3.0.0] AndroidManifest.xml:29:9-35:19
190            android:name="com.google.android.datatransport.runtime.backends.TransportBackendDiscovery"
190-->[com.google.android.datatransport:transport-backend-cct:3.0.0] AndroidManifest.xml:30:13-103
191            android:exported="false" >
191-->[com.google.android.datatransport:transport-backend-cct:3.0.0] AndroidManifest.xml:31:13-37
192            <meta-data
192-->[com.google.android.datatransport:transport-backend-cct:3.0.0] AndroidManifest.xml:32:13-34:39
193                android:name="backend:com.google.android.datatransport.cct.CctBackendFactory"
193-->[com.google.android.datatransport:transport-backend-cct:3.0.0] AndroidManifest.xml:33:17-94
194                android:value="cct" />
194-->[com.google.android.datatransport:transport-backend-cct:3.0.0] AndroidManifest.xml:34:17-36
195        </service>
196        <service
196-->[com.google.android.datatransport:transport-runtime:3.0.0] AndroidManifest.xml:26:9-30:19
197            android:name="com.google.android.datatransport.runtime.scheduling.jobscheduling.JobInfoSchedulerService"
197-->[com.google.android.datatransport:transport-runtime:3.0.0] AndroidManifest.xml:27:13-117
198            android:exported="false"
198-->[com.google.android.datatransport:transport-runtime:3.0.0] AndroidManifest.xml:28:13-37
199            android:permission="android.permission.BIND_JOB_SERVICE" >
199-->[com.google.android.datatransport:transport-runtime:3.0.0] AndroidManifest.xml:29:13-69
200        </service>
201
202        <receiver
202-->[com.google.android.datatransport:transport-runtime:3.0.0] AndroidManifest.xml:32:9-34:40
203            android:name="com.google.android.datatransport.runtime.scheduling.jobscheduling.AlarmManagerSchedulerBroadcastReceiver"
203-->[com.google.android.datatransport:transport-runtime:3.0.0] AndroidManifest.xml:33:13-132
204            android:exported="false" />
204-->[com.google.android.datatransport:transport-runtime:3.0.0] AndroidManifest.xml:34:13-37
205
206        <activity
206-->[com.google.android.gms:play-services-auth:19.2.0] AndroidManifest.xml:23:9-27:75
207            android:name="com.google.android.gms.auth.api.signin.internal.SignInHubActivity"
207-->[com.google.android.gms:play-services-auth:19.2.0] AndroidManifest.xml:24:13-93
208            android:excludeFromRecents="true"
208-->[com.google.android.gms:play-services-auth:19.2.0] AndroidManifest.xml:25:13-46
209            android:exported="false"
209-->[com.google.android.gms:play-services-auth:19.2.0] AndroidManifest.xml:26:13-37
210            android:theme="@android:style/Theme.Translucent.NoTitleBar" />
210-->[com.google.android.gms:play-services-auth:19.2.0] AndroidManifest.xml:27:13-72
211        <!--
212            Service handling Google Sign-In user revocation. For apps that do not integrate with
213            Google Sign-In, this service will never be started.
214        -->
215        <service
215-->[com.google.android.gms:play-services-auth:19.2.0] AndroidManifest.xml:33:9-37:51
216            android:name="com.google.android.gms.auth.api.signin.RevocationBoundService"
216-->[com.google.android.gms:play-services-auth:19.2.0] AndroidManifest.xml:34:13-89
217            android:exported="true"
217-->[com.google.android.gms:play-services-auth:19.2.0] AndroidManifest.xml:35:13-36
218            android:permission="com.google.android.gms.auth.api.signin.permission.REVOCATION_NOTIFICATION"
218-->[com.google.android.gms:play-services-auth:19.2.0] AndroidManifest.xml:36:13-107
219            android:visibleToInstantApps="true" />
219-->[com.google.android.gms:play-services-auth:19.2.0] AndroidManifest.xml:37:13-48
220
221        <activity
221-->[com.google.android.gms:play-services-base:17.5.0] AndroidManifest.xml:23:9-26:75
222            android:name="com.google.android.gms.common.api.GoogleApiActivity"
222-->[com.google.android.gms:play-services-base:17.5.0] AndroidManifest.xml:24:13-79
223            android:exported="false"
223-->[com.google.android.gms:play-services-base:17.5.0] AndroidManifest.xml:25:13-37
224            android:theme="@android:style/Theme.Translucent.NoTitleBar" />
224-->[com.google.android.gms:play-services-base:17.5.0] AndroidManifest.xml:26:13-72
225
226        <receiver
226-->[com.google.android.gms:play-services-measurement:20.0.0] AndroidManifest.xml:29:9-33:20
227            android:name="com.google.android.gms.measurement.AppMeasurementReceiver"
227-->[com.google.android.gms:play-services-measurement:20.0.0] AndroidManifest.xml:30:13-85
228            android:enabled="true"
228-->[com.google.android.gms:play-services-measurement:20.0.0] AndroidManifest.xml:31:13-35
229            android:exported="false" >
229-->[com.google.android.gms:play-services-measurement:20.0.0] AndroidManifest.xml:32:13-37
230        </receiver>
231
232        <service
232-->[com.google.android.gms:play-services-measurement:20.0.0] AndroidManifest.xml:35:9-38:40
233            android:name="com.google.android.gms.measurement.AppMeasurementService"
233-->[com.google.android.gms:play-services-measurement:20.0.0] AndroidManifest.xml:36:13-84
234            android:enabled="true"
234-->[com.google.android.gms:play-services-measurement:20.0.0] AndroidManifest.xml:37:13-35
235            android:exported="false" />
235-->[com.google.android.gms:play-services-measurement:20.0.0] AndroidManifest.xml:38:13-37
236        <service
236-->[com.google.android.gms:play-services-measurement:20.0.0] AndroidManifest.xml:39:9-43:72
237            android:name="com.google.android.gms.measurement.AppMeasurementJobService"
237-->[com.google.android.gms:play-services-measurement:20.0.0] AndroidManifest.xml:40:13-87
238            android:enabled="true"
238-->[com.google.android.gms:play-services-measurement:20.0.0] AndroidManifest.xml:41:13-35
239            android:exported="false"
239-->[com.google.android.gms:play-services-measurement:20.0.0] AndroidManifest.xml:42:13-37
240            android:permission="android.permission.BIND_JOB_SERVICE" />
240-->[com.google.android.gms:play-services-measurement:20.0.0] AndroidManifest.xml:43:13-69
241
242        <provider
242-->[com.google.firebase:firebase-common:20.0.0] AndroidManifest.xml:26:9-31:39
243            android:name="com.google.firebase.provider.FirebaseInitProvider"
243-->[com.google.firebase:firebase-common:20.0.0] AndroidManifest.xml:27:13-77
244            android:authorities="com.boilerplate.rn.firebaseinitprovider"
244-->[com.google.firebase:firebase-common:20.0.0] AndroidManifest.xml:28:13-72
245            android:directBootAware="true"
245-->[com.google.firebase:firebase-common:20.0.0] AndroidManifest.xml:29:13-43
246            android:exported="false"
246-->[com.google.firebase:firebase-common:20.0.0] AndroidManifest.xml:30:13-37
247            android:initOrder="100" />
247-->[com.google.firebase:firebase-common:20.0.0] AndroidManifest.xml:31:13-36
248
249        <meta-data
249-->[com.google.android.gms:play-services-basement:17.5.0] AndroidManifest.xml:23:9-25:69
250            android:name="com.google.android.gms.version"
250-->[com.google.android.gms:play-services-basement:17.5.0] AndroidManifest.xml:24:13-58
251            android:value="@integer/google_play_services_version" />
251-->[com.google.android.gms:play-services-basement:17.5.0] AndroidManifest.xml:25:13-66
252    </application>
253
254</manifest>